{"name":"Example Test | cases | example","status":"broken","statusDetails":{"known":false,"muted":false,"flaky":false,"message":"Cannot run program \"ffmpeg\": CreateProcess error=2, Не удается найти указанный файл","trace":"java.io.IOException: Cannot run program \"ffmpeg\": CreateProcess error=2, Не удается найти указанный файл\r\n\tat java.base/java.lang.ProcessBuilder.start(ProcessBuilder.java:1128)\r\n\tat java.base/java.lang.ProcessBuilder.start(ProcessBuilder.java:1071)\r\n\tat net.bramp.ffmpeg.RunProcessFunction.run(RunProcessFunction.java:39)\r\n\tat net.bramp.ffmpeg.FFcommon.version(FFcommon.java:66)\r\n\tat net.bramp.ffmpeg.FFmpeg.version(FFmpeg.java:31)\r\n\tat net.bramp.ffmpeg.FFmpeg.<init>(FFmpeg.java:90)\r\n\tat net.bramp.ffmpeg.FFmpeg.<init>(FFmpeg.java:77)\r\n\tat org.leadium.utils.Encoder.encodeToMP4(Encoder.kt:26)\r\n\tat example.VideoEncoderAspect.after(Aspect.kt:108)\r\n\tat example.suite.ExampleSuite.afterEach(ExampleSuite.kt:82)\r\n\tat java.base/jdk.internal.reflect.NativeMethodAccessorImpl.invoke0(Native Method)\r\n\tat java.base/jdk.internal.reflect.NativeMethodAccessorImpl.invoke(NativeMethodAccessorImpl.java:62)\r\n\tat java.base/jdk.internal.reflect.DelegatingMethodAccessorImpl.invoke(DelegatingMethodAccessorImpl.java:43)\r\n\tat java.base/java.lang.reflect.Method.invoke(Method.java:564)\r\n\tat org.junit.platform.commons.util.ReflectionUtils.invokeMethod(ReflectionUtils.java:675)\r\n\tat org.junit.jupiter.engine.execution.ExecutableInvoker.invoke(ExecutableInvoker.java:117)\r\n\tat org.junit.jupiter.engine.descriptor.ClassTestDescriptor.invokeMethodInExtensionContext(ClassTestDescriptor.java:439)\r\n\tat org.junit.jupiter.engine.descriptor.ClassTestDescriptor.lambda$synthesizeAfterEachMethodAdapter$16(ClassTestDescriptor.java:431)\r\n\tat org.junit.jupiter.engine.descriptor.TestMethodTestDescriptor.lambda$invokeAfterEachMethods$10(TestMethodTestDescriptor.java:227)\r\n\tat org.junit.platform.engine.support.hierarchical.ThrowableCollector.execute(ThrowableCollector.java:73)\r\n\tat org.junit.jupiter.engine.descriptor.TestMethodTestDescriptor.lambda$invokeAllAfterMethodsOrCallbacks$14(TestMethodTestDescriptor.java:245)\r\n\tat java.base/java.util.ArrayList.forEach(ArrayList.java:1510)\r\n\tat org.junit.jupiter.engine.descriptor.TestMethodTestDescriptor.invokeAllAfterMethodsOrCallbacks(TestMethodTestDescriptor.java:243)\r\n\tat org.junit.jupiter.engine.descriptor.TestMethodTestDescriptor.invokeAfterEachMethods(TestMethodTestDescriptor.java:226)\r\n\tat org.junit.jupiter.engine.descriptor.TestMethodTestDescriptor.execute(TestMethodTestDescriptor.java:131)\r\n\tat org.junit.jupiter.engine.descriptor.TestMethodTestDescriptor.execute(TestMethodTestDescriptor.java:68)\r\n\tat org.junit.platform.engine.support.hierarchical.NodeTestTask.lambda$executeRecursively$5(NodeTestTask.java:135)\r\n\tat org.junit.platform.engine.support.hierarchical.ThrowableCollector.execute(ThrowableCollector.java:73)\r\n\tat org.junit.platform.engine.support.hierarchical.NodeTestTask.lambda$executeRecursively$7(NodeTestTask.java:125)\r\n\tat org.junit.platform.engine.support.hierarchical.Node.around(Node.java:135)\r\n\tat org.junit.platform.engine.support.hierarchical.NodeTestTask.lambda$executeRecursively$8(NodeTestTask.java:123)\r\n\tat org.junit.platform.engine.support.hierarchical.ThrowableCollector.execute(ThrowableCollector.java:73)\r\n\tat org.junit.platform.engine.support.hierarchical.NodeTestTask.executeRecursively(NodeTestTask.java:122)\r\n\tat org.junit.platform.engine.support.hierarchical.NodeTestTask.execute(NodeTestTask.java:80)\r\n\tat java.base/java.util.ArrayList.forEach(ArrayList.java:1510)\r\n\tat org.junit.platform.engine.support.hierarchical.SameThreadHierarchicalTestExecutorService.invokeAll(SameThreadHierarchicalTestExecutorService.java:38)\r\n\tat org.junit.platform.engine.support.hierarchical.NodeTestTask.lambda$executeRecursively$5(NodeTestTask.java:139)\r\n\tat org.junit.platform.engine.support.hierarchical.ThrowableCollector.execute(ThrowableCollector.java:73)\r\n\tat org.junit.platform.engine.support.hierarchical.NodeTestTask.lambda$executeRecursively$7(NodeTestTask.java:125)\r\n\tat org.junit.platform.engine.support.hierarchical.Node.around(Node.java:135)\r\n\tat org.junit.platform.engine.support.hierarchical.NodeTestTask.lambda$executeRecursively$8(NodeTestTask.java:123)\r\n\tat org.junit.platform.engine.support.hierarchical.ThrowableCollector.execute(ThrowableCollector.java:73)\r\n\tat org.junit.platform.engine.support.hierarchical.NodeTestTask.executeRecursively(NodeTestTask.java:122)\r\n\tat org.junit.platform.engine.support.hierarchical.NodeTestTask.execute(NodeTestTask.java:80)\r\n\tat java.base/java.util.ArrayList.forEach(ArrayList.java:1510)\r\n\tat org.junit.platform.engine.support.hierarchical.SameThreadHierarchicalTestExecutorService.invokeAll(SameThreadHierarchicalTestExecutorService.java:38)\r\n\tat org.junit.platform.engine.support.hierarchical.NodeTestTask.lambda$executeRecursively$5(NodeTestTask.java:139)\r\n\tat org.junit.platform.engine.support.hierarchical.ThrowableCollector.execute(ThrowableCollector.java:73)\r\n\tat org.junit.platform.engine.support.hierarchical.NodeTestTask.lambda$executeRecursively$7(NodeTestTask.java:125)\r\n\tat org.junit.platform.engine.support.hierarchical.Node.around(Node.java:135)\r\n\tat org.junit.platform.engine.support.hierarchical.NodeTestTask.lambda$executeRecursively$8(NodeTestTask.java:123)\r\n\tat org.junit.platform.engine.support.hierarchical.ThrowableCollector.execute(ThrowableCollector.java:73)\r\n\tat org.junit.platform.engine.support.hierarchical.NodeTestTask.executeRecursively(NodeTestTask.java:122)\r\n\tat org.junit.platform.engine.support.hierarchical.NodeTestTask.execute(NodeTestTask.java:80)\r\n\tat org.junit.platform.engine.support.hierarchical.SameThreadHierarchicalTestExecutorService.submit(SameThreadHierarchicalTestExecutorService.java:32)\r\n\tat org.junit.platform.engine.support.hierarchical.HierarchicalTestExecutor.execute(HierarchicalTestExecutor.java:57)\r\n\tat org.junit.platform.engine.support.hierarchical.HierarchicalTestEngine.execute(HierarchicalTestEngine.java:51)\r\n\tat org.junit.platform.launcher.core.DefaultLauncher.execute(DefaultLauncher.java:229)\r\n\tat org.junit.platform.launcher.core.DefaultLauncher.lambda$execute$6(DefaultLauncher.java:197)\r\n\tat org.junit.platform.launcher.core.DefaultLauncher.withInterceptedStreams(DefaultLauncher.java:211)\r\n\tat org.junit.platform.launcher.core.DefaultLauncher.execute(DefaultLauncher.java:191)\r\n\tat org.junit.platform.launcher.core.DefaultLauncher.execute(DefaultLauncher.java:128)\r\n\tat org.gradle.api.internal.tasks.testing.junitplatform.JUnitPlatformTestClassProcessor$CollectAllTestClassesExecutor.processAllTestClasses(JUnitPlatformTestClassProcessor.java:99)\r\n\tat org.gradle.api.internal.tasks.testing.junitplatform.JUnitPlatformTestClassProcessor$CollectAllTestClassesExecutor.access$000(JUnitPlatformTestClassProcessor.java:79)\r\n\tat org.gradle.api.internal.tasks.testing.junitplatform.JUnitPlatformTestClassProcessor.stop(JUnitPlatformTestClassProcessor.java:75)\r\n\tat org.gradle.api.internal.tasks.testing.SuiteTestClassProcessor.stop(SuiteTestClassProcessor.java:61)\r\n\tat java.base/jdk.internal.reflect.NativeMethodAccessorImpl.invoke0(Native Method)\r\n\tat java.base/jdk.internal.reflect.NativeMethodAccessorImpl.invoke(NativeMethodAccessorImpl.java:62)\r\n\tat java.base/jdk.internal.reflect.DelegatingMethodAccessorImpl.invoke(DelegatingMethodAccessorImpl.java:43)\r\n\tat java.base/java.lang.reflect.Method.invoke(Method.java:564)\r\n\tat org.gradle.internal.dispatch.ReflectionDispatch.dispatch(ReflectionDispatch.java:36)\r\n\tat org.gradle.internal.dispatch.ReflectionDispatch.dispatch(ReflectionDispatch.java:24)\r\n\tat org.gradle.internal.dispatch.ContextClassLoaderDispatch.dispatch(ContextClassLoaderDispatch.java:33)\r\n\tat org.gradle.internal.dispatch.ProxyDispatchAdapter$DispatchingInvocationHandler.invoke(ProxyDispatchAdapter.java:94)\r\n\tat com.sun.proxy.$Proxy2.stop(Unknown Source)\r\n\tat org.gradle.api.internal.tasks.testing.worker.TestWorker.stop(TestWorker.java:132)\r\n\tat java.base/jdk.internal.reflect.NativeMethodAccessorImpl.invoke0(Native Method)\r\n\tat java.base/jdk.internal.reflect.NativeMethodAccessorImpl.invoke(NativeMethodAccessorImpl.java:62)\r\n\tat java.base/jdk.internal.reflect.DelegatingMethodAccessorImpl.invoke(DelegatingMethodAccessorImpl.java:43)\r\n\tat java.base/java.lang.reflect.Method.invoke(Method.java:564)\r\n\tat org.gradle.internal.dispatch.ReflectionDispatch.dispatch(ReflectionDispatch.java:36)\r\n\tat org.gradle.internal.dispatch.ReflectionDispatch.dispatch(ReflectionDispatch.java:24)\r\n\tat org.gradle.internal.remote.internal.hub.MessageHubBackedObjectConnection$DispatchWrapper.dispatch(MessageHubBackedObjectConnection.java:182)\r\n\tat org.gradle.internal.remote.internal.hub.MessageHubBackedObjectConnection$DispatchWrapper.dispatch(MessageHubBackedObjectConnection.java:164)\r\n\tat org.gradle.internal.remote.internal.hub.MessageHub$Handler.run(MessageHub.java:412)\r\n\tat org.gradle.internal.concurrent.ExecutorPolicy$CatchAndRecordFailures.onExecute(ExecutorPolicy.java:64)\r\n\tat org.gradle.internal.concurrent.ManagedExecutorImpl$1.run(ManagedExecutorImpl.java:48)\r\n\tat java.base/java.util.concurrent.ThreadPoolExecutor.runWorker(ThreadPoolExecutor.java:1130)\r\n\tat java.base/java.util.concurrent.ThreadPoolExecutor$Worker.run(ThreadPoolExecutor.java:630)\r\n\tat org.gradle.internal.concurrent.ThreadFactoryImpl$ManagedThreadRunnable.run(ThreadFactoryImpl.java:56)\r\n\tat java.base/java.lang.Thread.run(Thread.java:832)\r\nCaused by: java.io.IOException: CreateProcess error=2, Не удается найти указанный файл\r\n\tat java.base/java.lang.ProcessImpl.create(Native Method)\r\n\tat java.base/java.lang.ProcessImpl.<init>(ProcessImpl.java:483)\r\n\tat java.base/java.lang.ProcessImpl.start(ProcessImpl.java:158)\r\n\tat java.base/java.lang.ProcessBuilder.start(ProcessBuilder.java:1107)\r\n\t... 90 more\r\n"},"stage":"finished","description":"","descriptionHtml":"<html><body>\n<div><strong>Test Case Class: </strong><a href=\"https://gitlab.com/leadex/Leadium/leadium-examples/tree/master\\source\\example\\cases\\ExampleTest.kt\">ExampleTest</a></div>\n\n<div><strong>Property File: </strong><a href=\"https://gitlab.com/leadex/Leadium/leadium-examples/tree/master\\resources\\example.property\">example</a></div>\n<h3>Values</h3><div><p>searchRequest: <strong>Golden Ratio\r</strong></p><p>expectedResult: <strong>1.6180</strong></p></div>\n</body></html>","steps":[{"name":"open url: https://duckduckgo.com/","status":"passed","stage":"finished","steps":[],"attachments":[],"parameters":[],"start":1590878437694,"stop":1590878444926},{"name":"Duck Duck Go","status":"passed","stage":"finished","steps":[{"name":"Set Search Box","status":"passed","stage":"finished","steps":[{"name":"'Search Box' clear","status":"passed","stage":"finished","steps":[],"attachments":[],"parameters":[],"start":1590878445078,"stop":1590878445153},{"name":"'Search Box' send keys Golden Ratio","status":"passed","stage":"finished","steps":[],"attachments":[],"parameters":[],"start":1590878445254,"stop":1590878445315}],"attachments":[],"parameters":[],"start":1590878444992,"stop":1590878445315},{"name":"Enter","status":"passed","stage":"finished","steps":[{"name":"'Search Box' send keys ","status":"passed","stage":"finished","steps":[],"attachments":[],"parameters":[],"start":1590878445387,"stop":1590878445417}],"attachments":[],"parameters":[],"start":1590878445315,"stop":1590878445417},{"name":"Check Result","status":"passed","stage":"finished","steps":[{"name":"'1.6180' should be visible ","status":"passed","stage":"finished","steps":[],"attachments":[],"parameters":[],"start":1590878445478,"stop":1590878447415}],"attachments":[],"parameters":[],"start":1590878445417,"stop":1590878447415},{"name":"Click Result","status":"passed","stage":"finished","steps":[{"name":"'Result' click","status":"passed","stage":"finished","steps":[],"attachments":[],"parameters":[],"start":1590878447548,"stop":1590878449451}],"attachments":[],"parameters":[],"start":1590878447416,"stop":1590878449451}],"attachments":[],"parameters":[],"start":1590878444991,"stop":1590878449451},{"name":"Wikipedia","status":"passed","stage":"finished","steps":[{"name":"Check Result","status":"passed","stage":"finished","steps":[{"name":"'1.6180' has hidden result: true","status":"passed","stage":"finished","steps":[],"attachments":[],"parameters":[],"start":1590878449481,"stop":1590878449633}],"attachments":[],"parameters":[],"start":1590878449453,"stop":1590878449634},{"name":"Check Logo Title","status":"passed","stage":"finished","steps":[{"name":"'Logo' should have attribute title=\"Visit the main page\" ","status":"passed","stage":"finished","steps":[],"attachments":[],"parameters":[],"start":1590878449844,"stop":1590878450025}],"attachments":[],"parameters":[],"start":1590878449634,"stop":1590878450025},{"name":"Check Search Input","status":"passed","stage":"finished","steps":[{"name":"'Search Input' should be enabled ","status":"passed","stage":"finished","steps":[],"attachments":[],"parameters":[],"start":1590878450094,"stop":1590878450126},{"name":"'Search Input' should be empty ","status":"passed","stage":"finished","steps":[],"attachments":[],"parameters":[],"start":1590878450193,"stop":1590878450241}],"attachments":[],"parameters":[],"start":1590878450026,"stop":1590878450241},{"name":"'mathematics' click","status":"passed","stage":"finished","steps":[],"attachments":[],"parameters":[],"start":1590878450764,"stop":1590878451669},{"name":"'Main page' click","status":"passed","stage":"finished","steps":[],"attachments":[],"parameters":[],"start":1590878452009,"stop":1590878452530},{"name":"Check Logo Condition","status":"passed","stage":"finished","steps":[{"name":"'Logo' should be not focused ","status":"passed","stage":"finished","steps":[],"attachments":[],"parameters":[],"start":1590878452608,"stop":1590878452622}],"attachments":[],"parameters":[],"start":1590878452532,"stop":1590878452622}],"attachments":[],"parameters":[],"start":1590878449452,"stop":1590878452622},{"name":"close","status":"passed","stage":"finished","steps":[],"attachments":[],"parameters":[],"start":1590878452726,"stop":1590878456150}],"attachments":[],"parameters":[],"start":1590878437668,"stop":1590878456213,"uuid":"82d8719e-3061-4e28-ae41-d77334717a1b","historyId":"4b8969ca289ee1708c31e75ddec81f53","fullName":"example.suite.ExampleSuite.wikiTest","labels":[{"name":"epic","value":"EXAMPLE EPIC"},{"name":"story","value":"EXAMPLE STORY"},{"name":"feature","value":"TEST"},{"name":"host","value":"KLG-N017"},{"name":"thread","value":"11064@KLG-N017.Test worker(14)"},{"name":"framework","value":"junit-platform"},{"name":"language","value":"java"},{"name":"package","value":"example.suite.ExampleSuite"},{"name":"testClass","value":"example.suite.ExampleSuite"},{"name":"testMethod","value":"wikiTest"},{"name":"suite","value":"Example Suite | positive"}],"links":[]}